# JRE version: Java(TM) SE Runtime Environment (8.0_202-b08) (build 1.8.0_202-b08)
# Java VM: Java HotSpot(TM) 64-Bit Server VM (25.202-b08 mixed mode windows-amd64 compressed oops)
Heap:
 PSYoungGen      total 35840K, used 11825K [0x00000000d8700000, 0x00000000dc700000, 0x0000000100000000)
  eden space 30720K, 27% used [0x00000000d8700000,0x00000000d8f1c4e0,0x00000000da500000)
  from space 5120K, 68% used [0x00000000da500000,0x00000000da870190,0x00000000daa00000)
  to   space 5120K, 0% used [0x00000000dc200000,0x00000000dc200000,0x00000000dc700000)
 ParOldGen       total 41984K, used 4726K [0x0000000089400000, 0x000000008bd00000, 0x00000000d8700000)
  object space 41984K, 11% used [0x0000000089400000,0x000000008989da60,0x000000008bd00000)
 Metaspace       used 20770K, capacity 20948K, committed 21120K, reserved 1069056K
  class space    used 2591K, capacity 2670K, committed 2688K, reserved 1048576K
GC Heap History (8 events):
Event: 8.352 GC heap before
{Heap before GC invocations=1 (full 0):
 PSYoungGen      total 35840K, used 30720K [0x00000000d8700000, 0x00000000daf00000, 0x0000000100000000)
  eden space 30720K, 100% used [0x00000000d8700000,0x00000000da500000,0x00000000da500000)
  from space 5120K, 0% used [0x00000000daa00000,0x00000000daa00000,0x00000000daf00000)
  to   space 5120K, 0% used [0x00000000da500000,0x00000000da500000,0x00000000daa00000)
 ParOldGen       total 81920K, used 0K [0x0000000089400000, 0x000000008e400000, 0x00000000d8700000)
  object space 81920K, 0% used [0x0000000089400000,0x0000000089400000,0x000000008e400000)
 Metaspace       used 15027K, capacity 15190K, committed 15360K, reserved 1062912K
  class space    used 1941K, capacity 1993K, committed 2048K, reserved 1048576K
Event: 8.361 GC heap after
Heap after GC invocations=1 (full 0):
 PSYoungGen      total 35840K, used 5098K [0x00000000d8700000, 0x00000000daf00000, 0x0000000100000000)
  eden space 30720K, 0% used [0x00000000d8700000,0x00000000d8700000,0x00000000da500000)
  from space 5120K, 99% used [0x00000000da500000,0x00000000da9fa910,0x00000000daa00000)
  to   space 5120K, 0% used [0x00000000daa00000,0x00000000daa00000,0x00000000daf00000)
 ParOldGen       total 81920K, used 441K [0x0000000089400000, 0x000000008e400000, 0x00000000d8700000)
  object space 81920K, 0% used [0x0000000089400000,0x000000008946e728,0x000000008e400000)
 Metaspace       used 15027K, capacity 15190K, committed 15360K, reserved 1062912K
  class space    used 1941K, capacity 1993K, committed 2048K, reserved 1048576K
}
Event: 8.625 GC heap before
{Heap before GC invocations=2 (full 0):
 PSYoungGen      total 35840K, used 21152K [0x00000000d8700000, 0x00000000daf00000, 0x0000000100000000)
  eden space 30720K, 52% used [0x00000000d8700000,0x00000000d96ad728,0x00000000da500000)
  from space 5120K, 99% used [0x00000000da500000,0x00000000da9fa910,0x00000000daa00000)
  to   space 5120K, 0% used [0x00000000daa00000,0x00000000daa00000,0x00000000daf00000)
 ParOldGen       total 81920K, used 441K [0x0000000089400000, 0x000000008e400000, 0x00000000d8700000)
  object space 81920K, 0% used [0x0000000089400000,0x000000008946e728,0x000000008e400000)
 Metaspace       used 17027K, capacity 17236K, committed 17408K, reserved 1069056K
  class space    used 2198K, capacity 2286K, committed 2304K, reserved 1048576K
Event: 8.634 GC heap after
Heap after GC invocations=2 (full 0):
 PSYoungGen      total 35840K, used 4846K [0x00000000d8700000, 0x00000000daf00000, 0x0000000100000000)
  eden space 30720K, 0% used [0x00000000d8700000,0x00000000d8700000,0x00000000da500000)
  from space 5120K, 94% used [0x00000000daa00000,0x00000000daebbbb8,0x00000000daf00000)
  to   space 5120K, 0% used [0x00000000da500000,0x00000000da500000,0x00000000daa00000)
 ParOldGen       total 81920K, used 521K [0x0000000089400000, 0x000000008e400000, 0x00000000d8700000)
  object space 81920K, 0% used [0x0000000089400000,0x0000000089482750,0x000000008e400000)
 Metaspace       used 17027K, capacity 17236K, committed 17408K, reserved 1069056K
  class space    used 2198K, capacity 2286K, committed 2304K, reserved 1048576K
}
Event: 8.634 GC heap before
{Heap before GC invocations=3 (full 1):
 PSYoungGen      total 35840K, used 4846K [0x00000000d8700000, 0x00000000daf00000, 0x0000000100000000)
  eden space 30720K, 0% used [0x00000000d8700000,0x00000000d8700000,0x00000000da500000)
  from space 5120K, 94% used [0x00000000daa00000,0x00000000daebbbb8,0x00000000daf00000)
  to   space 5120K, 0% used [0x00000000da500000,0x00000000da500000,0x00000000daa00000)
 ParOldGen       total 81920K, used 521K [0x0000000089400000, 0x000000008e400000, 0x00000000d8700000)
  object space 81920K, 0% used [0x0000000089400000,0x0000000089482750,0x000000008e400000)
 Metaspace       used 17027K, capacity 17236K, committed 17408K, reserved 1069056K
  class space    used 2198K, capacity 2286K, committed 2304K, reserved 1048576K
Event: 8.663 GC heap after
Heap after GC invocations=3 (full 1):
 PSYoungGen      total 35840K, used 0K [0x00000000d8700000, 0x00000000daf00000, 0x0000000100000000)
  eden space 30720K, 0% used [0x00000000d8700000,0x00000000d8700000,0x00000000da500000)
  from space 5120K, 0% used [0x00000000daa00000,0x00000000daa00000,0x00000000daf00000)
  to   space 5120K, 0% used [0x00000000da500000,0x00000000da500000,0x00000000daa00000)
 ParOldGen       total 41984K, used 4726K [0x0000000089400000, 0x000000008bd00000, 0x00000000d8700000)
  object space 41984K, 11% used [0x0000000089400000,0x000000008989da60,0x000000008bd00000)
 Metaspace       used 17027K, capacity 17236K, committed 17408K, reserved 1067008K
  class space    used 2198K, capacity 2286K, committed 2304K, reserved 1048576K
}
Event: 9.664 GC heap before
{Heap before GC invocations=4 (full 1):
 PSYoungGen      total 35840K, used 30720K [0x00000000d8700000, 0x00000000daf00000, 0x0000000100000000)
  eden space 30720K, 100% used [0x00000000d8700000,0x00000000da500000,0x00000000da500000)
  from space 5120K, 0% used [0x00000000daa00000,0x00000000daa00000,0x00000000daf00000)
  to   space 5120K, 0% used [0x00000000da500000,0x00000000da500000,0x00000000daa00000)
 ParOldGen       total 41984K, used 4726K [0x0000000089400000, 0x000000008bd00000, 0x00000000d8700000)
  object space 41984K, 11% used [0x0000000089400000,0x000000008989da60,0x000000008bd00000)
 Metaspace       used 20035K, capacity 20212K, committed 20608K, reserved 1069056K
  class space    used 2518K, capacity 2574K, committed 2688K, reserved 1048576K
Event: 9.669 GC heap after
Heap after GC invocations=4 (full 1):
 PSYoungGen      total 35840K, used 3520K [0x00000000d8700000, 0x00000000dc700000, 0x0000000100000000)
  eden space 30720K, 0% used [0x00000000d8700000,0x00000000d8700000,0x00000000da500000)
  from space 5120K, 68% used [0x00000000da500000,0x00000000da870190,0x00000000daa00000)
  to   space 5120K, 0% used [0x00000000dc200000,0x00000000dc200000,0x00000000dc700000)
 ParOldGen       total 41984K, used 4726K [0x0000000089400000, 0x000000008bd00000, 0x00000000d8700000)
  object space 41984K, 11% used [0x0000000089400000,0x000000008989da60,0x000000008bd00000)
 Metaspace       used 20035K, capacity 20212K, committed 20608K, reserved 1069056K
  class space    used 2518K, capacity 2574K, committed 2688K, reserved 1048576K
}

